\BOOKMARK [0][]{chapter.1}{Mengen}{}% 1
\BOOKMARK [1][]{section.1.1}{Definition}{chapter.1}% 2
\BOOKMARK [1][]{section.1.2}{Beispiele}{chapter.1}% 3
\BOOKMARK [1][]{section.1.3}{Definition}{chapter.1}% 4
\BOOKMARK [1][]{section.1.4}{de Morgansche Regeln}{chapter.1}% 5
\BOOKMARK [2][]{subsection.1.4.1}{Beweis}{section.1.4}% 6
\BOOKMARK [1][]{section.1.5}{Prinzip der vollst\344ndigen Induktion}{chapter.1}% 7
\BOOKMARK [1][]{section.1.6}{Satz / Beispiel}{chapter.1}% 8
\BOOKMARK [1][]{section.1.7}{Kombinatorik}{chapter.1}% 9
\BOOKMARK [2][]{subsection.1.7.1}{Definition}{section.1.7}% 10
\BOOKMARK [1][]{section.1.8}{Definition}{chapter.1}% 11
\BOOKMARK [1][]{section.1.9}{Bemerkung}{chapter.1}% 12
\BOOKMARK [1][]{section.1.10}{Definition}{chapter.1}% 13
\BOOKMARK [1][]{section.1.11}{Lemma}{chapter.1}% 14
\BOOKMARK [1][]{section.1.12}{Geometrische Anordnung: Pascalsches Dreieck}{chapter.1}% 15
\BOOKMARK [1][]{section.1.13}{Satz}{chapter.1}% 16
\BOOKMARK [2][]{subsection.1.13.1}{Beweis}{section.1.13}% 17
\BOOKMARK [1][]{section.1.14}{Binomische Formel}{chapter.1}% 18
\BOOKMARK [2][]{subsection.1.14.1}{Beweis:}{section.1.14}% 19
\BOOKMARK [1][]{section.1.15}{Definition}{chapter.1}% 20
\BOOKMARK [1][]{section.1.16}{Satz}{chapter.1}% 21
\BOOKMARK [2][]{subsection.1.16.1}{Beweis}{section.1.16}% 22
\BOOKMARK [1][]{section.1.17}{Bemerkung - Zusammenhang zwischen anordnung und Teilmengen}{chapter.1}% 23
\BOOKMARK [0][]{chapter.2}{Die reelen Zahlen}{}% 24
\BOOKMARK [1][]{section.2.1}{K\366rper - Definition}{chapter.2}% 25
\BOOKMARK [1][]{section.2.2}{Beispiel}{chapter.2}% 26
\BOOKMARK [1][]{section.2.3}{Beispiel}{chapter.2}% 27
\BOOKMARK [2][]{subsection.2.3.1}{Bemerkung}{section.2.3}% 28
\BOOKMARK [2][]{subsection.2.3.2}{Notation}{section.2.3}% 29
\BOOKMARK [1][]{section.2.4}{Angeordnete K\366rper - Definition}{chapter.2}% 30
\BOOKMARK [2][]{subsection.2.4.1}{Beispiel}{section.2.4}% 31
\BOOKMARK [1][]{section.2.5}{Bemerkung}{chapter.2}% 32
\BOOKMARK [2][]{subsection.2.5.1}{Beweis zu 1}{section.2.5}% 33
\BOOKMARK [2][]{subsection.2.5.2}{Beweis zu 2}{section.2.5}% 34
\BOOKMARK [1][]{section.2.6}{Bemerkung}{chapter.2}% 35
\BOOKMARK [2][]{subsection.2.6.1}{Folge}{section.2.6}% 36
\BOOKMARK [1][]{section.2.7}{Definition}{chapter.2}% 37
\BOOKMARK [1][]{section.2.8}{Satz}{chapter.2}% 38
\BOOKMARK [2][]{subsection.2.8.1}{Beweis}{section.2.8}% 39
\BOOKMARK [1][]{section.2.9}{Satz - Bernoullische Ungleichung}{chapter.2}% 40
\BOOKMARK [2][]{subsection.2.9.1}{Beweis}{section.2.9}% 41
\BOOKMARK [1][]{section.2.10}{Definition}{chapter.2}% 42
\BOOKMARK [2][]{subsection.2.10.1}{Bemerkung}{section.2.10}% 43
\BOOKMARK [2][]{subsection.2.10.2}{Beweis}{section.2.10}% 44
\BOOKMARK [2][]{subsection.2.10.3}{Beispiel}{section.2.10}% 45
\BOOKMARK [2][]{subsection.2.10.4}{Beweis zu 2}{section.2.10}% 46
\BOOKMARK [1][]{section.2.11}{Satz}{chapter.2}% 47
\BOOKMARK [2][]{subsection.2.11.1}{Beweis}{section.2.11}% 48
\BOOKMARK [1][]{section.2.12}{Vollst\344ndigkeit - Definition}{chapter.2}% 49
\BOOKMARK [2][]{subsection.2.12.1}{Bemerkung}{section.2.12}% 50
\BOOKMARK [2][]{subsection.2.12.2}{Beweis}{section.2.12}% 51
\BOOKMARK [2][]{subsection.2.12.3}{Bemerkung}{section.2.12}% 52
\BOOKMARK [2][]{subsection.2.12.4}{Beweis}{section.2.12}% 53
\BOOKMARK [2][]{subsection.2.12.5}{Beispiel}{section.2.12}% 54
\BOOKMARK [0][]{appendix.A}{Schluss}{}% 55
