This is pdfTeX, Version 3.1415926-2.3-1.40.12 (Web2C 2011) (format=pdflatex 2012.4.15)  21 OCT 2012 00:30
entering extended mode
 restricted \write18 enabled.
 %&-line parsing enabled.
**C:/Users/Mango/Dropbox/TeX/AnalysyInformatik_WS12_13/AnalysyInformatik_WS12_1
3/AnalysyInformatik_WS12_13.tex

(c:/Users/Mango/Dropbox/TeX/AnalysyInformatik_WS12_13/AnalysyInformatik_WS12_13
/AnalysyInformatik_WS12_13.tex
LaTeX2e <2011/06/27>
Babel <v3.8m> and hyphenation patterns for english, dumylang, nohyphenation, ge
rman-x-2011-07-01, ngerman-x-2011-07-01, afrikaans, ancientgreek, ibycus, arabi
c, armenian, basque, bulgarian, catalan, pinyin, coptic, croatian, czech, danis
h, dutch, ukenglish, usenglishmax, esperanto, estonian, ethiopic, farsi, finnis
h, french, friulan, galician, german, ngerman, swissgerman, monogreek, greek, h
ungarian, icelandic, assamese, bengali, gujarati, hindi, kannada, malayalam, ma
rathi, oriya, panjabi, tamil, telugu, indonesian, interlingua, irish, italian, 
kurmanji, lao, latin, latvian, lithuanian, mongolian, mongolianlmc, bokmal, nyn
orsk, polish, portuguese, romanian, romansh, russian, sanskrit, serbian, serbia
nc, slovak, slovenian, spanish, swedish, turkish, turkmen, ukrainian, uppersorb
ian, welsh, loaded.
(d:/texlive/2011/texmf-dist/tex/latex/koma-script/scrbook.cls
Document Class: scrbook 2012/03/08 v3.10a KOMA-Script document class (book)
(d:/texlive/2011/texmf-dist/tex/latex/koma-script/scrkbase.sty
Package: scrkbase 2012/03/08 v3.10a KOMA-Script package (KOMA-Script-dependent 
basics and keyval usage)

(d:/texlive/2011/texmf-dist/tex/latex/koma-script/scrbase.sty
Package: scrbase 2012/03/08 v3.10a KOMA-Script package (KOMA-Script-independent
 basics and keyval usage)

(d:/texlive/2011/texmf-dist/tex/latex/graphics/keyval.sty
Package: keyval 1999/03/16 v1.13 key=value parser (DPC)
\KV@toks@=\toks14
)
(d:/texlive/2011/texmf-dist/tex/latex/koma-script/scrlfile.sty
Package: scrlfile 2011/03/09 v3.09 KOMA-Script package (loading files)

Package scrlfile, 2011/03/09 v3.09 KOMA-Script package (loading files)
                  Copyright (C) Markus Kohm

))) (d:/texlive/2011/texmf-dist/tex/latex/koma-script/tocbasic.sty
Package: tocbasic 2011/05/30 v3.09a KOMA-Script package (handling toc-files)
)
Package tocbasic Info: omitting babel extension for `toc'
(tocbasic)             because of feature `nobabel' available
(tocbasic)             for `toc' on input line 117.
Package tocbasic Info: omitting babel extension for `lof'
(tocbasic)             because of feature `nobabel' available
(tocbasic)             for `lof' on input line 118.
Package tocbasic Info: omitting babel extension for `lot'
(tocbasic)             because of feature `nobabel' available
(tocbasic)             for `lot' on input line 119.
Package scrbook Info: You've used obsolete option `12pt'.
(scrbook)             \KOMAExecuteOptions{fontsize=12pt} will be
(scrbook)             used instead.
(scrbook)             You may simply replace `12pt'
(scrbook)             by `fontsize=12pt'.


Class scrbook Warning: You've used obsolete option `idxtotoc'.
(scrbook)              Usage of this option indicates an old document and
(scrbook)              changes compatibility level using
(scrbook)              `index=totoc,version=first'.
(scrbook)              If you don't want this, you should simply replace
(scrbook)              usage of option `idxtotoc' by `index=totoc'.

Class scrbook Info: Switching compatibility level to `first'.
Class scrbook Info: File `scrsize12pt.clo' used to setup font sizes on input li
ne 1364.
(d:/texlive/2011/texmf-dist/tex/latex/koma-script/scrsize12pt.clo
File: scrsize12pt.clo 2012/03/08 v3.10a KOMA-Script font size class option (12p
t)
)
(d:/texlive/2011/texmf-dist/tex/latex/koma-script/typearea.sty
Package: typearea 2012/03/08 v3.10a KOMA-Script package (type area)

Package typearea, 2012/03/08 v3.10a KOMA-Script package (type area)
                  Copyright (C) Frank Neukam, 1992-1994
                  Copyright (C) Markus Kohm, 1994-

\ta@bcor=\skip41
\ta@div=\count79
\ta@hblk=\skip42
\ta@vblk=\skip43
\ta@temp=\skip44
Package typearea Info: These are the values describing the layout:
(typearea)             DIV  = 12
(typearea)             BCOR = 0.0pt
(typearea)             \paperwidth      = 597.50793pt
(typearea)              \textwidth      = 448.13095pt
(typearea)              DIV departure   = -6%
(typearea)              \evensidemargin = 27.31467pt
(typearea)              \oddsidemargin  = -22.47766pt
(typearea)             \paperheight     = 845.04694pt
(typearea)              \textheight     = 635.5pt
(typearea)              \topmargin      = -41.72441pt
(typearea)              \headheight     = 18.125pt
(typearea)              \headsep        = 21.75pt
(typearea)              \topskip        = 12.0pt
(typearea)              \footskip       = 50.75pt
(typearea)              \baselineskip   = 14.5pt
(typearea)              on input line 1177.
)
\c@part=\count80
\c@chapter=\count81
\c@section=\count82
\c@subsection=\count83
\c@subsubsection=\count84
\c@paragraph=\count85
\c@subparagraph=\count86
\abovecaptionskip=\skip45
\belowcaptionskip=\skip46
\c@pti@nb@sid@b@x=\box26
\c@figure=\count87
\c@table=\count88
\bibindent=\dimen102
) (d:/texlive/2011/texmf-dist/tex/generic/babel/babel.sty
Package: babel 2008/07/08 v3.8m The Babel package

(d:/texlive/2011/texmf-dist/tex/generic/babel/ngermanb.ldf
Language: ngermanb 2008/07/06 v2.6n new German support from the babel system

(d:/texlive/2011/texmf-dist/tex/generic/babel/babel.def
File: babel.def 2008/07/08 v3.8m Babel common definitions
\babel@savecnt=\count89
\U@D=\dimen103
)
\l@naustrian = a dialect from \language\l@ngerman 
Package babel Info: Making " an active character on input line 92.
))
(d:/texlive/2011/texmf-dist/tex/latex/base/inputenc.sty
Package: inputenc 2008/03/30 v1.1d Input encoding file
\inpenc@prehook=\toks15
\inpenc@posthook=\toks16

(d:/texlive/2011/texmf-dist/tex/latex/base/ansinew.def
File: ansinew.def 2008/03/30 v1.1d Input encoding file
))
(d:/texlive/2011/texmf-dist/tex/latex/amsmath/amsmath.sty
Package: amsmath 2000/07/18 v2.13 AMS math features
\@mathmargin=\skip47

For additional information on amsmath, use the `?' option.
(d:/texlive/2011/texmf-dist/tex/latex/amsmath/amstext.sty
Package: amstext 2000/06/29 v2.01

(d:/texlive/2011/texmf-dist/tex/latex/amsmath/amsgen.sty
File: amsgen.sty 1999/11/30 v2.0
\@emptytoks=\toks17
\ex@=\dimen104
))
(d:/texlive/2011/texmf-dist/tex/latex/amsmath/amsbsy.sty
Package: amsbsy 1999/11/29 v1.2d
\pmbraise@=\dimen105
)
(d:/texlive/2011/texmf-dist/tex/latex/amsmath/amsopn.sty
Package: amsopn 1999/12/14 v2.01 operator names
)
\inf@bad=\count90
LaTeX Info: Redefining \frac on input line 211.
\uproot@=\count91
\leftroot@=\count92
LaTeX Info: Redefining \overline on input line 307.
\classnum@=\count93
\DOTSCASE@=\count94
LaTeX Info: Redefining \ldots on input line 379.
LaTeX Info: Redefining \dots on input line 382.
LaTeX Info: Redefining \cdots on input line 467.
\Mathstrutbox@=\box27
\strutbox@=\box28
\big@size=\dimen106
LaTeX Font Info:    Redeclaring font encoding OML on input line 567.
LaTeX Font Info:    Redeclaring font encoding OMS on input line 568.
\macc@depth=\count95
\c@MaxMatrixCols=\count96
\dotsspace@=\muskip10
\c@parentequation=\count97
\dspbrk@lvl=\count98
\tag@help=\toks18
\row@=\count99
\column@=\count100
\maxfields@=\count101
\andhelp@=\toks19
\eqnshift@=\dimen107
\alignsep@=\dimen108
\tagshift@=\dimen109
\tagwidth@=\dimen110
\totwidth@=\dimen111
\lineht@=\dimen112
\@envbody=\toks20
\multlinegap=\skip48
\multlinetaggap=\skip49
\mathdisplay@stack=\toks21
LaTeX Info: Redefining \[ on input line 2666.
LaTeX Info: Redefining \] on input line 2667.
)
(d:/texlive/2011/texmf-dist/tex/generic/oberdiek/ifpdf.sty
Package: ifpdf 2011/01/30 v2.3 Provides the ifpdf switch (HO)
Package ifpdf Info: pdfTeX in PDF mode is detected.
)
(d:/texlive/2011/texmf-dist/tex/latex/hyperref/hyperref.sty
Package: hyperref 2012/02/06 v6.82o Hypertext links for LaTeX

(d:/texlive/2011/texmf-dist/tex/generic/oberdiek/hobsub-hyperref.sty
Package: hobsub-hyperref 2011/04/23 v1.4 Bundle oberdiek, subset hyperref (HO)

(d:/texlive/2011/texmf-dist/tex/generic/oberdiek/hobsub-generic.sty
Package: hobsub-generic 2011/04/23 v1.4 Bundle oberdiek, subset generic (HO)
Package: hobsub 2011/04/23 v1.4 Subsetting bundle oberdiek (HO)
Package: infwarerr 2010/04/08 v1.3 Providing info/warning/message (HO)
Package: ltxcmds 2011/04/18 v1.20 LaTeX kernel commands for general use (HO)
Package: ifluatex 2010/03/01 v1.3 Provides the ifluatex switch (HO)
Package ifluatex Info: LuaTeX not detected.
Package: ifvtex 2010/03/01 v1.5 Switches for detecting VTeX and its modes (HO)
Package ifvtex Info: VTeX not detected.
Package: intcalc 2007/09/27 v1.1 Expandable integer calculations (HO)
Package hobsub Info: Skipping package `ifpdf' (already loaded).
Package: etexcmds 2011/02/16 v1.5 Prefix for e-TeX command names (HO)
Package etexcmds Info: Could not find \expanded.
(etexcmds)             That can mean that you are not using pdfTeX 1.50 or
(etexcmds)             that some package has redefined \expanded.
(etexcmds)             In the latter case, load this package earlier.
Package: kvsetkeys 2011/04/07 v1.13 Key value parser (HO)
Package: kvdefinekeys 2011/04/07 v1.3 Defining keys (HO)
Package: pdftexcmds 2011/04/22 v0.16 Utilities of pdfTeX for LuaTeX (HO)
Package pdftexcmds Info: LuaTeX not detected.
Package pdftexcmds Info: \pdf@primitive is available.
Package pdftexcmds Info: \pdf@ifprimitive is available.
Package pdftexcmds Info: \pdfdraftmode found.
Package: pdfescape 2011/04/04 v1.12 Provides string conversions (HO)
Package: bigintcalc 2011/01/30 v1.2 Expandable big integer calculations (HO)
Package: bitset 2011/01/30 v1.1 Data type bit set (HO)
Package: uniquecounter 2011/01/30 v1.2 Provides unlimited unique counter (HO)
)
Package hobsub Info: Skipping package `hobsub' (already loaded).
Package: letltxmacro 2010/09/02 v1.4 Let assignment for LaTeX macros (HO)
Package: hopatch 2011/01/30 v1.0 Wrapper for package hooks (HO)
Package: xcolor-patch 2011/01/30 xcolor patch
Package: atveryend 2011/04/23 v1.7 Hooks at very end of document (HO)
Package: atbegshi 2011/01/30 v1.15 At begin shipout hook (HO)
Package: refcount 2010/12/01 v3.2 Data extraction from references (HO)
Package: hycolor 2011/01/30 v1.7 Color options of hyperref/bookmark (HO)
)
(d:/texlive/2011/texmf-dist/tex/generic/ifxetex/ifxetex.sty
Package: ifxetex 2010/09/12 v0.6 Provides ifxetex conditional
)
(d:/texlive/2011/texmf-dist/tex/latex/oberdiek/kvoptions.sty
Package: kvoptions 2010/12/23 v3.10 Keyval support for LaTeX options (HO)
)
\@linkdim=\dimen113
\Hy@linkcounter=\count102
\Hy@pagecounter=\count103

(d:/texlive/2011/texmf-dist/tex/latex/hyperref/pd1enc.def
File: pd1enc.def 2012/02/06 v6.82o Hyperref: PDFDocEncoding definition (HO)
)
\Hy@SavedSpaceFactor=\count104

(d:/texlive/2011/texmf-dist/tex/latex/latexconfig/hyperref.cfg
File: hyperref.cfg 2002/06/06 v1.2 hyperref configuration of TeXLive
)
Package hyperref Info: Option `colorlinks' set `true' on input line 3925.
Package hyperref Info: Option `bookmarksopen' set `true' on input line 3925.
Package hyperref Info: Hyper figures OFF on input line 4046.
Package hyperref Info: Link nesting OFF on input line 4051.
Package hyperref Info: Hyper index ON on input line 4054.
Package hyperref Info: Plain pages OFF on input line 4061.
Package hyperref Info: Backreferencing OFF on input line 4066.
Package hyperref Info: Implicit mode ON; LaTeX internals redefined.
Package hyperref Info: Bookmarks ON on input line 4284.
\c@Hy@tempcnt=\count105

(d:/texlive/2011/texmf-dist/tex/latex/url/url.sty
\Urlmuskip=\muskip11
Package: url 2006/04/12  ver 3.3  Verb mode for urls, etc.
)
LaTeX Info: Redefining \url on input line 4637.
\Fld@menulength=\count106
\Field@Width=\dimen114
\Fld@charsize=\dimen115
Package hyperref Info: Hyper figures OFF on input line 5757.
Package hyperref Info: Link nesting OFF on input line 5762.
Package hyperref Info: Hyper index ON on input line 5765.
Package hyperref Info: backreferencing OFF on input line 5772.
Package hyperref Info: Link coloring ON on input line 5775.
Package hyperref Info: Link coloring with OCG OFF on input line 5782.
Package hyperref Info: PDF/A mode OFF on input line 5787.
LaTeX Info: Redefining \ref on input line 5827.
LaTeX Info: Redefining \pageref on input line 5831.
\Hy@abspage=\count107
\c@Item=\count108
\c@Hfootnote=\count109
)

Package hyperref Message: Driver (autodetected): hpdftex.

(d:/texlive/2011/texmf-dist/tex/latex/hyperref/hpdftex.def
File: hpdftex.def 2012/02/06 v6.82o Hyperref driver for pdfTeX
\Fld@listcount=\count110
\c@bookmark@seq@number=\count111

(d:/texlive/2011/texmf-dist/tex/latex/oberdiek/rerunfilecheck.sty
Package: rerunfilecheck 2011/04/15 v1.7 Rerun checks for auxiliary files (HO)
Package uniquecounter Info: New unique counter `rerunfilecheck' on input line 2
82.
)
\Hy@SectionHShift=\skip50
)
(d:/texlive/2011/texmf-dist/tex/latex/graphics/color.sty
Package: color 2005/11/14 v1.0j Standard LaTeX Color (DPC)

(d:/texlive/2011/texmf-dist/tex/latex/latexconfig/color.cfg
File: color.cfg 2007/01/18 v1.5 color configuration of teTeX/TeXLive
)
Package color Info: Driver file: pdftex.def on input line 130.

(d:/texlive/2011/texmf-dist/tex/latex/pdftex-def/pdftex.def
File: pdftex.def 2011/05/27 v0.06d Graphics/color for pdfTeX
\Gread@gobject=\count112
))
(d:/texlive/2011/texmf-dist/tex/latex/base/latexsym.sty
Package: latexsym 1998/08/17 v2.2e Standard LaTeX package (lasy symbols)
\symlasy=\mathgroup4
LaTeX Font Info:    Overwriting symbol font `lasy' in version `bold'
(Font)                  U/lasy/m/n --> U/lasy/b/n on input line 47.
)
(d:/texlive/2011/texmf-dist/tex/latex/amsfonts/amssymb.sty
Package: amssymb 2009/06/22 v3.00

(d:/texlive/2011/texmf-dist/tex/latex/amsfonts/amsfonts.sty
Package: amsfonts 2009/06/22 v3.00 Basic AMSFonts support
\symAMSa=\mathgroup5
\symAMSb=\mathgroup6
LaTeX Font Info:    Overwriting math alphabet `\mathfrak' in version `bold'
(Font)                  U/euf/m/n --> U/euf/b/n on input line 96.
))
(d:/texlive/2011/texmf-dist/tex/latex/graphics/graphicx.sty
Package: graphicx 1999/02/16 v1.0f Enhanced LaTeX Graphics (DPC,SPQR)

(d:/texlive/2011/texmf-dist/tex/latex/graphics/graphics.sty
Package: graphics 2009/02/05 v1.0o Standard LaTeX Graphics (DPC,SPQR)

(d:/texlive/2011/texmf-dist/tex/latex/graphics/trig.sty
Package: trig 1999/03/16 v1.09 sin cos tan (DPC)
)
(d:/texlive/2011/texmf-dist/tex/latex/latexconfig/graphics.cfg
File: graphics.cfg 2010/04/23 v1.9 graphics configuration of TeX Live
)
Package graphics Info: Driver file: pdftex.def on input line 91.
)
\Gin@req@height=\dimen116
\Gin@req@width=\dimen117
)
(d:/texlive/2011/texmf-dist/tex/latex/wasysym/wasysym.sty
Package: wasysym 2003/10/30 v2.0 Wasy-2 symbol support package
\symwasy=\mathgroup7
LaTeX Font Info:    Overwriting symbol font `wasy' in version `bold'
(Font)                  U/wasy/m/n --> U/wasy/b/n on input line 90.
)
(d:/texlive/2011/texmf-dist/tex/latex/cancel/cancel.sty
Package: cancel 2000/03/12 v2.1 Cancel math terms
)
(./AnalysyInformatik_WS12_13.aux)
\openout1 = `AnalysyInformatik_WS12_13.aux'.

LaTeX Font Info:    Checking defaults for OML/cmm/m/it on input line 39.
LaTeX Font Info:    ... okay on input line 39.
LaTeX Font Info:    Checking defaults for T1/cmr/m/n on input line 39.
LaTeX Font Info:    ... okay on input line 39.
LaTeX Font Info:    Checking defaults for OT1/cmr/m/n on input line 39.
LaTeX Font Info:    ... okay on input line 39.
LaTeX Font Info:    Checking defaults for OMS/cmsy/m/n on input line 39.
LaTeX Font Info:    ... okay on input line 39.
LaTeX Font Info:    Checking defaults for OMX/cmex/m/n on input line 39.
LaTeX Font Info:    ... okay on input line 39.
LaTeX Font Info:    Checking defaults for U/cmr/m/n on input line 39.
LaTeX Font Info:    ... okay on input line 39.
LaTeX Font Info:    Checking defaults for PD1/pdf/m/n on input line 39.
LaTeX Font Info:    ... okay on input line 39.
\AtBeginShipoutBox=\box29
Package hyperref Info: Link coloring ON on input line 39.

(d:/texlive/2011/texmf-dist/tex/latex/hyperref/nameref.sty
Package: nameref 2010/04/30 v2.40 Cross-referencing by name of section

(d:/texlive/2011/texmf-dist/tex/generic/oberdiek/gettitlestring.sty
Package: gettitlestring 2010/12/03 v1.4 Cleanup title references (HO)
)
\c@section@level=\count113
)
LaTeX Info: Redefining \ref on input line 39.
LaTeX Info: Redefining \pageref on input line 39.
LaTeX Info: Redefining \nameref on input line 39.

(./AnalysyInformatik_WS12_13.out) (./AnalysyInformatik_WS12_13.out)
\@outlinefile=\write3
\openout3 = `AnalysyInformatik_WS12_13.out'.


(d:/texlive/2011/texmf-dist/tex/context/base/supp-pdf.mkii
[Loading MPS to PDF converter (version 2006.09.02).]
\scratchcounter=\count114
\scratchdimen=\dimen118
\scratchbox=\box30
\nofMPsegments=\count115
\nofMParguments=\count116
\everyMPshowfont=\toks22
\MPscratchCnt=\count117
\MPscratchDim=\dimen119
\MPnumerator=\count118
\makeMPintoPDFobject=\count119
\everyMPtoPDFconversion=\toks23
) (d:/texlive/2011/texmf-dist/tex/latex/oberdiek/epstopdf-base.sty
Package: epstopdf-base 2010/02/09 v2.5 Base part for package epstopdf

(d:/texlive/2011/texmf-dist/tex/latex/oberdiek/grfext.sty
Package: grfext 2010/08/19 v1.1 Managing graphics extensions (HO)
)
Package grfext Info: Graphics extension search list:
(grfext)             [.png,.pdf,.jpg,.mps,.jpeg,.jbig2,.jb2,.PNG,.PDF,.JPG,.JPE
G,.JBIG2,.JB2,.eps]
(grfext)             \AppendGraphicsExtensions on input line 452.

(d:/texlive/2011/texmf-dist/tex/latex/latexconfig/epstopdf-sys.cfg
File: epstopdf-sys.cfg 2010/07/13 v1.3 Configuration of (r)epstopdf for TeX Liv
e
))
LaTeX Font Info:    Try loading font information for U+lasy on input line 45.

(d:/texlive/2011/texmf-dist/tex/latex/base/ulasy.fd
File: ulasy.fd 1998/08/17 v2.2e LaTeX symbol font definitions
)
LaTeX Font Info:    Try loading font information for U+msa on input line 45.

(d:/texlive/2011/texmf-dist/tex/latex/amsfonts/umsa.fd
File: umsa.fd 2009/06/22 v3.00 AMS symbols A
)
LaTeX Font Info:    Try loading font information for U+msb on input line 45.

(d:/texlive/2011/texmf-dist/tex/latex/amsfonts/umsb.fd
File: umsb.fd 2009/06/22 v3.00 AMS symbols B
)
LaTeX Font Info:    Try loading font information for U+wasy on input line 45.

(d:/texlive/2011/texmf-dist/tex/latex/wasysym/uwasy.fd
File: uwasy.fd 2003/10/30 v2.0 Wasy-2 symbol font definitions
) [1


{d:/texlive/2011/texmf-var/fonts/map/pdftex/updmap/pdftex.map}] [2

] (./AnalysyInformatik_WS12_13.toc [3

])
\tf@toc=\write4
\openout4 = `AnalysyInformatik_WS12_13.toc'.

 [4]
Kapitel 1.

Underfull \hbox (badness 10000) in paragraph at lines 54--63

 []


Underfull \hbox (badness 10000) in paragraph at lines 54--63

 []


Underfull \hbox (badness 10000) in paragraph at lines 54--63

 []


Underfull \hbox (badness 10000) in paragraph at lines 54--63

 []


Underfull \hbox (badness 10000) in paragraph at lines 67--86

 []


Underfull \hbox (badness 10000) in paragraph at lines 67--86

 []


Underfull \hbox (badness 10000) in paragraph at lines 67--86

 []


Underfull \hbox (badness 10000) in paragraph at lines 67--86

 []


Underfull \hbox (badness 10000) in paragraph at lines 67--86

 []


Underfull \hbox (badness 10000) in paragraph at lines 67--86

 []


Underfull \hbox (badness 10000) in paragraph at lines 67--86

 []


Underfull \hbox (badness 10000) in paragraph at lines 67--86

 []


Underfull \hbox (badness 10000) in paragraph at lines 67--86

 []

pdfTeX warning (ext4): destination with the same identifier (name{page.1}) has 
been already used, duplicate ignored
<to be read again> 
                   \relax 
l.86 
      [1





]
Underfull \hbox (badness 10000) in paragraph at lines 90--102

 []


Underfull \hbox (badness 10000) in paragraph at lines 90--102

 []


Underfull \hbox (badness 10000) in paragraph at lines 90--102

 []


Underfull \hbox (badness 10000) in paragraph at lines 90--102

 []


Underfull \hbox (badness 10000) in paragraph at lines 90--102

 []

pdfTeX warning (ext4): destination with the same identifier (name{page.2}) has 
been already used, duplicate ignored
<to be read again> 
                   \relax 
l.102 
       [2]
Underfull \hbox (badness 10000) in paragraph at lines 106--109

 []


Underfull \hbox (badness 10000) in paragraph at lines 106--109

 []


Underfull \hbox (badness 10000) in paragraph at lines 106--109

 []


Underfull \hbox (badness 10000) in paragraph at lines 111--116

 []


Underfull \hbox (badness 10000) in paragraph at lines 111--116

 []


Underfull \hbox (badness 10000) in paragraph at lines 111--116

 []


Underfull \hbox (badness 10000) in paragraph at lines 119--124

 []


Underfull \hbox (badness 10000) in paragraph at lines 119--124

 []


Underfull \hbox (badness 10000) in paragraph at lines 128--145

 []


Underfull \hbox (badness 10000) in paragraph at lines 128--145

 []


Underfull \hbox (badness 10000) in paragraph at lines 128--145

 []


Underfull \hbox (badness 10000) in paragraph at lines 128--145

 []


Underfull \hbox (badness 10000) in paragraph at lines 128--145

 []


Underfull \hbox (badness 10000) in paragraph at lines 128--145

 []


Underfull \hbox (badness 10000) in paragraph at lines 128--145

 []


Underfull \hbox (badness 10000) in paragraph at lines 128--145

 []

pdfTeX warning (ext4): destination with the same identifier (name{page.3}) has 
been already used, duplicate ignored
<to be read again> 
                   \relax 
l.145 $$
         S(n+1) = S(n)+n+1 = \frac{n(n+1)}{2} + \frac{2(n+1)}{2} = \frac{(n+...
[3]
Underfull \hbox (badness 10000) in paragraph at lines 145--153

 []


Underfull \hbox (badness 10000) in paragraph at lines 145--153

 []


Underfull \hbox (badness 10000) in paragraph at lines 145--153

 []


Underfull \hbox (badness 10000) in paragraph at lines 145--153

 []


Underfull \hbox (badness 10000) in paragraph at lines 158--164

 []


Underfull \hbox (badness 10000) in paragraph at lines 158--164

 []

pdfTeX warning (ext4): destination with the same identifier (name{page.4}) has 
been already used, duplicate ignored
<to be read again> 
                   \relax 
l.164 
       [4]
Underfull \hbox (badness 10000) in paragraph at lines 166--168

 []


Underfull \hbox (badness 10000) in paragraph at lines 171--175

 []


Package amsmath Warning: Foreign command \atopwithdelims;
(amsmath)                \frac or \genfrac should be used instead
(amsmath)                 on input line 179.


Underfull \hbox (badness 10000) in paragraph at lines 177--182

 []


Underfull \hbox (badness 10000) in paragraph at lines 177--182

 []


Underfull \hbox (badness 10000) in paragraph at lines 177--182

 []


Underfull \hbox (badness 10000) in paragraph at lines 177--182

 []


Underfull \hbox (badness 10000) in paragraph at lines 177--182

 []


Underfull \hbox (badness 10000) in paragraph at lines 184--187

 []


Underfull \vbox (badness 1043) has occurred while \output is active []

 [5]
Underfull \hbox (badness 10000) in paragraph at lines 208--228

 []

[6] [7] [8]
Kapitel 2.

Underfull \hbox (badness 10000) in paragraph at lines 290--293

 []

[9

] [10] [11]
Underfull \hbox (badness 10000) in paragraph at lines 435--436

 []

[12] [13]
Overfull \hbox (39.37047pt too wide) in paragraph at lines 515--517
\OT1/cmr/m/n/12 W[]ahle n$\OMS/cmsy/m/n/12 2$\OT1/cmr/m/n/12 M $\OMS/cmsy/m/n/1
2 f\OT1/cmr/m/n/12 1\OML/cmm/m/it/12 ; \OT1/cmr/m/n/12 2\OML/cmm/m/it/12 ; []  
; n\OMS/cmsy/m/n/12 g\$\OT1/cmr/m/n/12 M end-lich und nicht leer, dann min($\OM
S/cmsy/m/n/12 f\OT1/cmr/m/n/12 1\OML/cmm/m/it/12 ; \OT1/cmr/m/n/12 2\OML/cmm/m/
it/12 ; []  ; n\OMS/cmsy/m/n/12 g\$\OT1/cmr/m/n/12 M)=min(M)$[]$ 
 []

[14] [15] [16

]
Anhang A.
Package atveryend Info: Empty hook `BeforeClearDocument' on input line 553.
[17]
Package atveryend Info: Empty hook `AfterLastShipout' on input line 553.
 (./AnalysyInformatik_WS12_13.aux)
Package atveryend Info: Executing hook `AtVeryEndDocument' on input line 553.
Package atveryend Info: Executing hook `AtEndAfterFileList' on input line 553.


Package rerunfilecheck Warning: File `AnalysyInformatik_WS12_13.out' has change
d.
(rerunfilecheck)                Rerun to get outlines right
(rerunfilecheck)                or use package `bookmark'.

Package rerunfilecheck Info: Checksums for `AnalysyInformatik_WS12_13.out':
(rerunfilecheck)             Before: B0C9E0AAFA7639F288513A58D1F9FDB9;2856
(rerunfilecheck)             After:  DD678195EB698AA6DA45F9A68BA8EFB1;3359.
 ) 
Here is how much of TeX's memory you used:
 7805 strings out of 493606
 114366 string characters out of 3145798
 229989 words of memory out of 3000000
 10933 multiletter control sequences out of 15000+200000
 14494 words of font info for 59 fonts, out of 3000000 for 9000
 831 hyphenation exceptions out of 8191
 36i,10n,54p,338b,526s stack positions out of 5000i,500n,10000p,200000b,50000s
<d:/texlive/2011/texmf-dist/fonts/type1/public/amsfonts/cm/cmbx12.pfb><d:/tex
live/2011/texmf-dist/fonts/type1/public/amsfonts/cm/cmex10.pfb><d:/texlive/2011
/texmf-dist/fonts/type1/public/amsfonts/cm/cmmi12.pfb><d:/texlive/2011/texmf-di
st/fonts/type1/public/amsfonts/cm/cmmi6.pfb><d:/texlive/2011/texmf-dist/fonts/t
ype1/public/amsfonts/cm/cmmi8.pfb><d:/texlive/2011/texmf-dist/fonts/type1/publi
c/amsfonts/cm/cmr12.pfb><d:/texlive/2011/texmf-dist/fonts/type1/public/amsfonts
/cm/cmr17.pfb><d:/texlive/2011/texmf-dist/fonts/type1/public/amsfonts/cm/cmr6.p
fb><d:/texlive/2011/texmf-dist/fonts/type1/public/amsfonts/cm/cmr8.pfb><d:/texl
ive/2011/texmf-dist/fonts/type1/public/amsfonts/cm/cmsl12.pfb><d:/texlive/2011/
texmf-dist/fonts/type1/public/amsfonts/cm/cmssbx10.pfb><d:/texlive/2011/texmf-d
ist/fonts/type1/public/amsfonts/cm/cmsy10.pfb><d:/texlive/2011/texmf-dist/fonts
/type1/public/amsfonts/cm/cmsy6.pfb><d:/texlive/2011/texmf-dist/fonts/type1/pub
lic/amsfonts/cm/cmsy8.pfb><d:/texlive/2011/texmf-dist/fonts/type1/public/amsfon
ts/cm/cmti12.pfb><d:/texlive/2011/texmf-dist/fonts/type1/public/amsfonts/cm/cmt
t12.pfb><d:/texlive/2011/texmf-dist/fonts/type1/public/amsfonts/symbols/msam10.
pfb><d:/texlive/2011/texmf-dist/fonts/type1/public/amsfonts/symbols/msbm10.pfb>

Output written on AnalysyInformatik_WS12_13.pdf (21 pages, 231350 bytes).
PDF statistics:
 430 PDF objects out of 1000 (max. 8388607)
 385 compressed objects within 4 object streams
 74 named destinations out of 1000 (max. 500000)
 377 words of extra memory for PDF output out of 10000 (max. 10000000)

